Determining if the pthread_create exist failed with the following output:
Change Dir: /home/dais/CLionProjects/3DEngine/cmake-build-debug/CMakeFiles/CMakeTmp

Run Build Command(s):/usr/bin/make cmTC_f837b/fast 
/usr/bin/make -f CMakeFiles/cmTC_f837b.dir/build.make CMakeFiles/cmTC_f837b.dir/build
make[1]: Entering directory '/home/dais/CLionProjects/3DEngine/cmake-build-debug/CMakeFiles/CMakeTmp'
Building C object CMakeFiles/cmTC_f837b.dir/CheckSymbolExists.c.o
/usr/bin/cc    -o CMakeFiles/cmTC_f837b.dir/CheckSymbolExists.c.o   -c /home/dais/CLionProjects/3DEngine/cmake-build-debug/CMakeFiles/CMakeTmp/CheckSymbolExists.c
Linking C executable cmTC_f837b
/home/dais/.local/share/JetBrains/Toolbox/apps/CLion/ch-0/191.7141.37/bin/cmake/linux/bin/cmake -E cmake_link_script CMakeFiles/cmTC_f837b.dir/link.txt --verbose=1
/usr/bin/cc      -rdynamic CMakeFiles/cmTC_f837b.dir/CheckSymbolExists.c.o  -o cmTC_f837b 
/usr/bin/ld: CMakeFiles/cmTC_f837b.dir/CheckSymbolExists.c.o: in function `main':
CheckSymbolExists.c:(.text+0x1b): undefined reference to `pthread_create'
collect2: error: ld returned 1 exit status
make[1]: *** [CMakeFiles/cmTC_f837b.dir/build.make:87: cmTC_f837b] Error 1
make[1]: Leaving directory '/home/dais/CLionProjects/3DEngine/cmake-build-debug/CMakeFiles/CMakeTmp'
make: *** [Makefile:121: cmTC_f837b/fast] Error 2

File /home/dais/CLionProjects/3DEngine/cmake-build-debug/CMakeFiles/CMakeTmp/CheckSymbolExists.c:
/* */
#include <pthread.h>

int main(int argc, char** argv)
{
  (void)argv;
#ifndef pthread_create
  return ((int*)(&pthread_create))[argc];
#else
  (void)argc;
  return 0;
#endif
}

Determining if the function pthread_create exists in the pthreads failed with the following output:
Change Dir: /home/dais/CLionProjects/3DEngine/cmake-build-debug/CMakeFiles/CMakeTmp

Run Build Command(s):/usr/bin/make cmTC_65bf3/fast 
/usr/bin/make -f CMakeFiles/cmTC_65bf3.dir/build.make CMakeFiles/cmTC_65bf3.dir/build
make[1]: Entering directory '/home/dais/CLionProjects/3DEngine/cmake-build-debug/CMakeFiles/CMakeTmp'
Building C object CMakeFiles/cmTC_65bf3.dir/CheckFunctionExists.c.o
/usr/bin/cc   -DCHECK_FUNCTION_EXISTS=pthread_create   -o CMakeFiles/cmTC_65bf3.dir/CheckFunctionExists.c.o   -c /home/dais/.local/share/JetBrains/Toolbox/apps/CLion/ch-0/191.7141.37/bin/cmake/linux/share/cmake-3.14/Modules/CheckFunctionExists.c
Linking C executable cmTC_65bf3
/home/dais/.local/share/JetBrains/Toolbox/apps/CLion/ch-0/191.7141.37/bin/cmake/linux/bin/cmake -E cmake_link_script CMakeFiles/cmTC_65bf3.dir/link.txt --verbose=1
/usr/bin/cc  -DCHECK_FUNCTION_EXISTS=pthread_create    -rdynamic CMakeFiles/cmTC_65bf3.dir/CheckFunctionExists.c.o  -o cmTC_65bf3 -lpthreads 
/usr/bin/ld: cannot find -lpthreads
collect2: error: ld returned 1 exit status
make[1]: *** [CMakeFiles/cmTC_65bf3.dir/build.make:87: cmTC_65bf3] Error 1
make[1]: Leaving directory '/home/dais/CLionProjects/3DEngine/cmake-build-debug/CMakeFiles/CMakeTmp'
make: *** [Makefile:121: cmTC_65bf3/fast] Error 2


